<?xml version="1.0" encoding="UTF-8"?>
<testsuite name="lab2_siTest" tests="1" skipped="0" failures="0" errors="0" timestamp="2022-05-31T20:14:55" hostname="DESKTOP-FLJ4FGT" time="0.015">
  <properties/>
  <testcase name="everyStatmentTest()" classname="lab2_siTest" time="0.015"/>
  <system-out><![CDATA[]]></system-out>
  <system-err><![CDATA[]]></system-err>
</testsuite>
